<?xml version="1.0" encoding="UTF-8"?>
<!-- Generated by org.testng.reporters.JUnitReportReporter -->
<testsuite hostname="TUF_WARRIOR_DK" failures="0" tests="12" name="com.visionreport.tests.FullSuiteTest" time="1.099" errors="0" timestamp="2025-10-16T15:58:16 IST" skipped="0">
  <testcase classname="com.visionreport.tests.FullSuiteTest" name="standardPassFailSkipTest" time="0.028"/>
  <system-out/>
  <testcase classname="com.visionreport.tests.FullSuiteTest" name="exceptionLoggingTest" time="0.002"/>
  <system-out/>
  <testcase classname="com.visionreport.tests.FullSuiteTest" name="skippedLogsTest" time="0.001"/>
  <system-out/>
  <testcase classname="com.visionreport.tests.FullSuiteTest" name="mediaProviderEdgeCases" time="0.004"/>
  <system-out/>
  <testcase classname="com.visionreport.tests.FullSuiteTest" name="exceptionWithMediaTest" time="0.001"/>
  <system-out/>
  <testcase classname="com.visionreport.tests.FullSuiteTest" name="duplicateAuthorsCategoriesTest" time="0.001"/>
  <system-out/>
  <testcase classname="com.visionreport.tests.FullSuiteTest" name="extremeUnicodeTest" time="0.002"/>
  <system-out/>
  <testcase classname="com.visionreport.tests.FullSuiteTest" name="statusPassInfoTest" time="0.001"/>
  <system-out/>
  <testcase classname="com.visionreport.tests.FullSuiteTest" name="statusSkipOverridesPassTest" time="0.001"/>
  <system-out/>
  <testcase classname="com.visionreport.tests.FullSuiteTest" name="statusFailOverridesAllTest" time="0.001"/>
  <system-out/>
  <testcase classname="com.visionreport.tests.FullSuiteTest" name="flushEmptyReportTest" time="0.223"/>
  <system-out/>
  <testcase classname="com.visionreport.tests.FullSuiteTest" name="flushMultipleTimesTest" time="0.834"/>
  <system-out/>
</testsuite> <!-- com.visionreport.tests.FullSuiteTest -->
